<?xml version="1.0" encoding="UTF-8"?>
<testsuites name="jest tests" tests="21" failures="0" time="3.334">
  <testsuite name="compose" errors="0" failures="0" skipped="0" timestamp="2019-11-09T20:49:27" time="1.634" tests="1">
    <testcase classname="compose aggregates multiple reducers" name="compose aggregates multiple reducers" time="0.008">
    </testcase>
  </testsuite>
  <testsuite name="property" errors="0" failures="0" skipped="0" timestamp="2019-11-09T20:49:27" time="1.639" tests="3">
    <testcase classname="property should be able to get/set a value" name="property should be able to get/set a value" time="0.006">
    </testcase>
    <testcase classname="property should monitor changes" name="property should monitor changes" time="0.001">
    </testcase>
    <testcase classname="property should accept custom equality changes" name="property should accept custom equality changes" time="0.002">
    </testcase>
  </testsuite>
  <testsuite name="store" errors="0" failures="0" skipped="0" timestamp="2019-11-09T20:49:27" time="1.619" tests="2">
    <testcase classname="store dispatcher triggers a change and middlware" name="store dispatcher triggers a change and middlware" time="0.01">
    </testcase>
    <testcase classname="store middleware is optional" name="store middleware is optional" time="0.002">
    </testcase>
  </testsuite>
  <testsuite name="emitter" errors="0" failures="0" skipped="0" timestamp="2019-11-09T20:49:27" time="1.616" tests="4">
    <testcase classname="emitter should allow adding handlers and trigger them" name="emitter should allow adding handlers and trigger them" time="0.007">
    </testcase>
    <testcase classname="emitter should allow removing a listener" name="emitter should allow removing a listener" time="0">
    </testcase>
    <testcase classname="emitter `once` should be triggered once" name="emitter `once` should be triggered once" time="0.001">
    </testcase>
    <testcase classname="emitter a listener that is not registered should return false when removed" name="emitter a listener that is not registered should return false when removed" time="0.001">
    </testcase>
  </testsuite>
  <testsuite name="equality" errors="0" failures="0" skipped="0" timestamp="2019-11-09T20:49:27" time="1.721" tests="11">
    <testcase classname="equality strictEqual with number" name="equality strictEqual with number" time="0.011">
    </testcase>
    <testcase classname="equality strictEqual with string" name="equality strictEqual with string" time="0.001">
    </testcase>
    <testcase classname="equality strictEqual with date" name="equality strictEqual with date" time="0.001">
    </testcase>
    <testcase classname="equality deepEqual with number" name="equality deepEqual with number" time="0.003">
    </testcase>
    <testcase classname="equality deepEqual with string" name="equality deepEqual with string" time="0">
    </testcase>
    <testcase classname="equality deepEqual with date" name="equality deepEqual with date" time="0.001">
    </testcase>
    <testcase classname="equality deepEqual with arrays" name="equality deepEqual with arrays" time="0.001">
    </testcase>
    <testcase classname="equality deepEqual with objects" name="equality deepEqual with objects" time="0.001">
    </testcase>
    <testcase classname="equality deepEqual with deep structures" name="equality deepEqual with deep structures" time="0.001">
    </testcase>
    <testcase classname="equality deepEqual with Set" name="equality deepEqual with Set" time="0.001">
    </testcase>
    <testcase classname="equality deepEqual with Map" name="equality deepEqual with Map" time="0">
    </testcase>
  </testsuite>
</testsuites>