<?xml version="1.0" encoding="UTF-8"?>
<testsuites name="jest tests" tests="1" failures="0" time="1.883">
  <testsuite name="value" errors="0" failures="0" skipped="0" timestamp="2019-11-09T20:49:24" time="0.804" tests="1">
    <testcase classname="value resolve" name="value resolve" time="0.004">
    </testcase>
  </testsuite>
</testsuites>